2024-08-23T19:13:37.977780 starting None
2024-08-23T19:13:39.291564 starting word: None,1,0
2024-08-23T19:13:39.291564 finishing: None,True
2024-08-23T19:13:39.351542 Dicho: Hola Mundo
2024-08-23T19:13:53.076129 starting None
2024-08-23T19:13:54.402283 starting word: None,1,0
2024-08-23T19:13:54.402283 finishing: None,True
2024-08-23T19:13:54.472180 Dicho: Hola Mundo
2024-08-23T19:25:58.377448 starting None
2024-08-23T19:25:59.710746 starting word: None,1,0
2024-08-23T19:25:59.715756 finishing: None,True
2024-08-23T19:25:59.770463 Dicho: Hola Mundo
2024-08-23T19:27:12.501697 starting None
2024-08-23T19:27:14.575787 starting word: None,1,0
2024-08-23T19:27:14.588304 finishing: None,True
2024-08-23T19:27:14.651035 Dicho: Iván, pórtate bien!
2024-08-23T19:27:18.946320 starting None
2024-08-23T19:27:21.016109 starting word: None,1,0
2024-08-23T19:27:21.025729 finishing: None,True
2024-08-23T19:27:21.091127 Dicho: Iván, pórtate bien!
2024-08-23T19:27:24.508380 starting None
2024-08-23T19:27:26.556867 starting word: None,1,0
2024-08-23T19:27:26.556867 finishing: None,True
2024-08-23T19:27:26.617109 Dicho: Iván, pórtate bien!
2024-08-23T19:27:38.523965 starting None
2024-08-23T19:27:41.383922 starting word: None,1,0
2024-08-23T19:27:41.399084 finishing: None,True
2024-08-23T19:27:41.459069 Dicho: Iván, no le levantes la mano a tu padre!
2024-08-23T19:28:17.752149 starting None
2024-08-23T19:28:19.922864 starting word: None,1,0
2024-08-23T19:28:19.931937 finishing: None,True
2024-08-23T19:28:19.997433 Dicho: Que te crees, Hitler?
